SF:/Users/alexiskyaw/Desktop/Code/tom2/xternal/tom_module_distributed/tom_dist_ledger/lib/src/ledger_api/ledger_api.dart
DA:25,3
DA:31,1
DA:32,3
DA:82,3
DA:92,4
DA:95,2
DA:98,2
DA:101,3
DA:104,9
DA:111,2
DA:112,8
DA:113,2
DA:114,4
DA:119,3
DA:120,3
DA:121,6
DA:129,1
DA:130,3
DA:134,1
DA:135,3
DA:139,1
DA:143,1
DA:144,3
DA:145,1
DA:146,1
DA:154,3
DA:157,6
DA:158,3
DA:159,3
DA:160,3
DA:161,9
DA:162,3
DA:164,3
DA:165,3
DA:167,6
DA:171,3
DA:175,3
DA:178,6
DA:179,3
DA:180,3
DA:181,3
DA:182,15
DA:183,3
DA:184,6
DA:186,6
DA:190,3
DA:198,1
DA:199,2
DA:200,1
DA:201,1
DA:202,1
DA:203,3
DA:205,1
DA:206,1
DA:208,2
DA:212,1
DA:216,1
DA:217,2
DA:218,1
DA:219,1
DA:220,1
DA:221,5
DA:222,2
DA:226,1
DA:234,1
DA:235,2
DA:236,1
DA:237,1
DA:238,1
DA:239,1
DA:240,2
DA:244,1
DA:248,1
DA:249,1
DA:250,2
DA:254,1
DA:255,1
DA:256,1
DA:257,2
DA:258,2
DA:274,1
DA:280,1
DA:281,1
DA:282,1
DA:285,1
DA:289,1
DA:292,3
DA:293,2
DA:295,3
DA:296,1
DA:297,1
DA:298,1
DA:302,1
DA:305,1
DA:308,2
DA:319,1
DA:320,1
DA:321,2
DA:322,2
DA:324,2
DA:335,1
DA:336,2
DA:338,1
DA:340,2
DA:347,2
DA:349,2
DA:351,1
DA:353,1
DA:360,1
DA:361,3
DA:365,4
DA:366,1
DA:369,4
DA:372,1
DA:374,2
DA:378,4
DA:379,1
DA:382,2
DA:386,3
DA:389,1
DA:391,1
DA:392,1
DA:395,2
DA:396,2
DA:399,5
DA:402,3
DA:407,3
DA:408,4
DA:409,3
DA:420,2
DA:421,2
DA:422,1
DA:424,2
DA:425,4
DA:426,2
DA:427,2
DA:463,3
DA:468,9
DA:469,6
DA:470,2
DA:475,3
DA:478,3
DA:484,3
DA:485,6
DA:487,3
DA:488,6
DA:490,3
DA:491,6
DA:493,3
DA:494,6
DA:496,1
DA:497,2
DA:503,3
DA:504,6
DA:505,3
DA:509,3
DA:510,1
DA:511,3
DA:512,1
DA:513,0
DA:517,3
DA:518,3
DA:519,12
DA:523,3
DA:526,1
DA:531,3
DA:532,6
DA:533,3
DA:534,3
DA:542,3
DA:543,6
DA:544,3
DA:546,3
DA:547,6
DA:548,3
DA:549,3
DA:552,3
DA:553,5
DA:565,3
DA:572,3
DA:574,0
DA:578,3
DA:579,3
DA:585,9
DA:593,6
DA:595,9
DA:598,3
DA:606,3
DA:607,3
DA:610,6
DA:614,3
DA:621,2
DA:628,2
DA:638,2
DA:641,4
DA:647,2
DA:648,4
DA:656,2
DA:657,4
DA:658,2
DA:660,2
DA:664,2
DA:665,4
DA:667,2
DA:672,3
DA:677,3
DA:679,0
DA:683,6
DA:684,3
DA:685,0
DA:689,3
DA:692,3
DA:694,6
DA:697,3
DA:701,9
DA:705,3
DA:710,2
DA:714,2
DA:718,4
DA:719,2
DA:722,2
DA:724,4
DA:725,2
DA:728,6
DA:731,4
DA:732,2
DA:733,1
DA:738,4
DA:739,2
DA:740,4
DA:743,2
DA:745,2
DA:754,1
DA:755,2
DA:756,2
DA:757,1
DA:761,1
DA:762,1
DA:763,2
DA:764,4
DA:765,1
DA:766,2
DA:767,1
DA:779,0
DA:784,0
DA:786,0
DA:787,0
DA:788,0
DA:793,3
DA:794,3
DA:795,3
DA:799,0
DA:800,0
DA:802,0
DA:803,0
DA:804,0
DA:807,0
DA:809,0
DA:811,0
DA:817,0
DA:818,0
DA:819,0
DA:821,0
DA:824,0
DA:832,3
DA:833,3
DA:834,9
DA:835,3
DA:837,6
LF:269
LH:247
end_of_record
SF:/Users/alexiskyaw/Desktop/Code/tom2/xternal/tom_module_distributed/tom_dist_ledger/lib/src/local_ledger/file_ledger.dart
DA:8,3
DA:15,6
DA:16,3
DA:17,3
DA:18,3
DA:19,6
DA:22,6
DA:23,3
DA:24,3
DA:25,3
DA:26,6
DA:29,1
DA:31,4
DA:40,1
DA:46,2
DA:47,1
DA:48,1
DA:49,2
DA:52,2
DA:53,1
DA:54,1
DA:55,2
DA:58,1
DA:59,3
DA:71,3
DA:78,1
DA:79,3
DA:80,3
DA:82,6
DA:83,3
DA:84,3
DA:85,3
DA:86,6
DA:87,15
DA:88,11
DA:91,6
DA:92,3
DA:93,3
DA:94,3
DA:95,3
DA:96,6
DA:98,3
DA:99,9
DA:100,3
DA:101,0
DA:102,3
DA:103,5
DA:104,3
DA:105,0
DA:108,5
DA:137,1
DA:149,2
DA:157,1
LF:53
LH:51
end_of_record
SF:/Users/alexiskyaw/Desktop/Code/tom2/xternal/tom_module_distributed/tom_dist_ledger/lib/src/simulator/async_dpl_simulator.dart
DA:25,0
DA:26,0
DA:27,0
DA:28,0
DA:29,0
DA:30,0
DA:31,0
DA:34,0
DA:35,0
DA:36,0
DA:37,0
DA:39,0
DA:40,0
DA:41,0
DA:42,0
DA:44,0
DA:45,0
DA:46,0
DA:47,0
DA:49,0
DA:50,0
DA:51,0
DA:52,0
DA:57,0
DA:60,0
DA:61,0
DA:65,0
DA:66,0
DA:68,0
DA:69,0
DA:70,0
DA:71,0
DA:75,0
DA:76,0
DA:78,0
DA:79,0
DA:83,0
DA:86,0
DA:89,0
DA:92,0
DA:95,0
DA:97,0
DA:100,0
DA:102,0
DA:103,0
DA:109,0
DA:110,0
DA:112,0
DA:113,0
DA:117,0
DA:120,0
DA:123,0
DA:125,0
DA:128,0
DA:130,0
DA:131,0
DA:140,0
DA:141,0
DA:143,0
DA:144,0
DA:145,0
DA:146,0
DA:149,0
DA:152,0
DA:153,0
DA:155,0
DA:156,0
DA:157,0
DA:158,0
DA:161,0
DA:164,0
DA:167,0
DA:168,0
DA:170,0
DA:171,0
DA:172,0
DA:173,0
DA:177,0
DA:180,0
DA:183,0
DA:184,0
DA:189,0
DA:190,0
DA:192,0
DA:193,0
DA:194,0
DA:197,0
DA:198,0
DA:199,0
DA:200,0
DA:204,0
DA:207,0
DA:208,0
DA:209,0
DA:215,0
DA:218,0
DA:221,0
DA:222,0
DA:223,0
DA:227,0
DA:228,0
DA:231,0
DA:232,0
DA:233,0
DA:234,0
DA:237,0
DA:238,0
DA:239,0
DA:240,0
DA:243,0
DA:244,0
DA:245,0
DA:246,0
DA:249,0
DA:250,0
DA:253,0
DA:254,0
DA:255,0
DA:256,0
DA:259,0
DA:260,0
DA:261,0
DA:262,0
DA:265,0
DA:266,0
DA:268,0
DA:269,0
DA:270,0
DA:271,0
DA:275,0
DA:276,0
DA:277,0
DA:278,0
DA:283,0
DA:284,0
LF:135
LH:0
end_of_record
SF:/Users/alexiskyaw/Desktop/Code/tom2/xternal/tom_module_distributed/tom_dist_ledger/lib/src/simulator/async_simulation.dart
DA:13,1
DA:14,2
DA:18,1
DA:19,2
DA:20,1
DA:21,1
DA:22,5
DA:25,0
DA:28,1
DA:33,1
DA:34,1
DA:35,1
DA:36,2
DA:37,1
DA:38,1
DA:42,0
DA:48,0
DA:52,0
DA:58,0
DA:62,0
DA:68,0
DA:71,0
DA:75,0
DA:79,0
DA:83,0
DA:87,0
DA:91,0
DA:94,0
DA:98,0
DA:99,0
DA:103,0
DA:107,0
DA:108,0
DA:109,0
DA:112,0
DA:118,0
DA:126,0
DA:127,0
DA:130,0
DA:135,1
DA:136,1
DA:137,2
DA:138,1
DA:139,1
DA:143,1
DA:144,1
DA:145,1
DA:152,2
DA:153,2
DA:154,1
DA:155,1
DA:160,1
DA:161,1
DA:162,1
DA:168,2
DA:169,2
DA:170,1
DA:171,1
DA:176,0
DA:177,0
DA:178,0
DA:179,0
DA:180,0
DA:184,0
DA:191,0
DA:192,0
DA:195,0
DA:200,0
DA:201,0
DA:202,0
DA:203,0
DA:207,0
DA:208,0
DA:226,0
DA:235,0
DA:236,0
DA:239,0
DA:242,0
DA:245,0
DA:246,0
DA:249,0
DA:252,0
DA:259,0
DA:264,0
DA:265,0
DA:267,0
DA:269,0
DA:270,0
DA:271,0
DA:275,0
DA:279,0
DA:280,0
DA:281,0
DA:282,0
DA:290,0
DA:294,0
DA:295,0
DA:297,0
DA:299,0
DA:300,0
DA:301,0
DA:304,0
DA:312,0
DA:316,0
DA:317,0
DA:321,0
DA:325,0
DA:326,0
DA:334,0
DA:335,0
DA:336,0
DA:338,0
DA:341,0
DA:342,0
DA:343,0
DA:344,0
DA:345,0
DA:347,0
DA:351,0
DA:352,0
DA:353,0
DA:354,0
DA:362,0
DA:363,0
DA:364,0
DA:372,0
DA:376,0
DA:377,0
DA:379,0
DA:384,0
DA:385,0
DA:387,0
DA:393,0
DA:394,0
DA:402,0
DA:406,0
DA:407,0
DA:411,0
DA:415,0
DA:416,0
DA:424,0
DA:425,0
DA:429,0
DA:430,0
DA:434,0
DA:435,0
DA:437,0
DA:445,1
DA:447,0
DA:448,0
LF:150
LH:34
end_of_record
SF:/Users/alexiskyaw/Desktop/Code/tom2/xternal/tom_module_distributed/tom_dist_ledger/lib/src/simulator/participants/async_sim_copilot_chat.dart
DA:23,0
DA:30,0
DA:31,0
DA:34,0
DA:35,0
DA:36,0
DA:37,0
DA:38,0
DA:39,0
DA:40,0
DA:51,0
DA:52,0
DA:53,0
DA:54,0
DA:59,0
DA:65,0
DA:66,0
DA:70,0
DA:71,0
DA:74,0
DA:77,0
DA:86,0
DA:92,0
DA:96,0
DA:99,0
DA:101,0
DA:103,0
DA:104,0
DA:106,0
DA:108,0
DA:113,0
DA:116,0
DA:124,0
DA:125,0
DA:126,0
DA:129,0
DA:130,0
DA:133,0
DA:134,0
DA:138,0
DA:139,0
DA:143,0
DA:144,0
DA:151,0
DA:154,0
DA:158,0
DA:159,0
DA:167,0
DA:169,0
DA:172,0
DA:176,0
DA:181,0
LF:52
LH:0
end_of_record
SF:/Users/alexiskyaw/Desktop/Code/tom2/xternal/tom_module_distributed/tom_dist_ledger/lib/src/simulator/participants/async_sim_dartscript_bridge.dart
DA:7,0
DA:11,0
DA:20,0
DA:24,0
DA:26,0
DA:30,0
DA:31,0
DA:32,0
DA:35,0
DA:36,0
DA:37,0
LF:11
LH:0
end_of_record
SF:/Users/alexiskyaw/Desktop/Code/tom2/xternal/tom_module_distributed/tom_dist_ledger/lib/src/simulator/participants/async_sim_tom_cli.dart
DA:7,0
DA:11,0
DA:20,0
DA:24,0
DA:28,0
DA:29,0
LF:6
LH:0
end_of_record
SF:/Users/alexiskyaw/Desktop/Code/tom2/xternal/tom_module_distributed/tom_dist_ledger/lib/src/simulator/participants/async_sim_vscode_extension.dart
DA:7,0
DA:11,0
DA:20,0
DA:21,0
DA:25,0
DA:26,0
DA:27,0
LF:7
LH:0
end_of_record
SF:/Users/alexiskyaw/Desktop/Code/tom2/xternal/tom_module_distributed/tom_dist_ledger/lib/src/simulator/simulation_config.dart
DA:43,3
LF:1
LH:1
end_of_record
SF:/Users/alexiskyaw/Desktop/Code/tom2/xternal/tom_module_distributed/tom_dist_ledger/lib/src/simulator/scenario.dart
DA:62,3
DA:71,1
DA:73,5
DA:99,3
DA:131,3
DA:133,1
DA:148,1
DA:152,1
DA:191,1
DA:200,1
DA:202,1
DA:203,3
DA:204,4
DA:224,1
DA:230,1
DA:231,3
DA:232,2
DA:233,1
DA:234,1
DA:235,3
DA:236,2
DA:239,1
DA:244,2
DA:245,2
DA:246,2
DA:247,1
DA:248,1
DA:249,1
DA:250,1
DA:251,1
DA:254,3
DA:257,1
DA:258,1
DA:261,3
DA:264,1
DA:265,1
DA:267,3
DA:270,1
DA:271,1
DA:273,3
DA:276,1
DA:277,1
DA:282,1
DA:283,1
DA:284,2
DA:287,4
DA:288,2
DA:291,1
DA:295,2
DA:296,2
DA:300,3
DA:303,1
DA:305,1
DA:307,1
DA:310,1
DA:312,1
DA:313,1
DA:315,1
DA:316,2
DA:319,1
DA:320,1
DA:321,1
DA:322,1
DA:324,2
DA:325,1
DA:326,2
DA:329,1
DA:330,1
DA:331,1
DA:332,1
DA:334,3
DA:335,1
DA:336,2
DA:339,0
DA:340,0
DA:341,0
DA:342,0
DA:344,0
DA:345,0
DA:346,0
DA:347,0
DA:349,0
DA:350,0
DA:351,0
DA:352,0
DA:354,0
DA:355,0
DA:356,0
DA:360,0
DA:361,0
DA:362,0
DA:364,0
DA:365,0
DA:366,0
DA:370,2
DA:371,2
DA:375,1
DA:376,3
DA:378,2
DA:379,4
DA:380,2
DA:381,1
DA:382,2
DA:384,2
DA:385,4
DA:386,3
DA:387,2
DA:389,1
DA:392,1
DA:393,5
DA:394,2
DA:395,3
DA:402,1
DA:403,2
DA:404,1
DA:408,1
DA:414,2
DA:415,1
DA:424,1
DA:430,3
DA:433,1
DA:434,1
DA:435,0
DA:439,2
DA:440,1
DA:441,1
DA:442,1
DA:446,2
DA:447,1
DA:450,3
DA:453,1
DA:454,1
DA:455,1
DA:456,1
DA:460,2
DA:461,1
DA:463,1
DA:464,1
DA:470,3
DA:471,1
DA:480,1
DA:481,2
DA:484,2
DA:485,1
DA:489,1
DA:497,2
DA:499,2
DA:506,2
DA:507,3
DA:508,1
DA:509,1
DA:510,2
DA:511,1
DA:517,1
DA:518,1
DA:520,2
DA:527,1
DA:528,2
DA:531,3
DA:532,1
DA:533,1
DA:534,2
DA:536,1
DA:555,1
DA:563,2
DA:564,0
DA:566,1
DA:570,4
DA:571,3
DA:573,1
DA:574,2
DA:575,3
DA:579,1
DA:583,4
DA:584,3
DA:586,1
DA:587,2
DA:588,3
DA:592,1
DA:596,4
DA:597,2
DA:600,1
DA:604,4
DA:605,2
DA:608,1
DA:609,3
DA:610,2
DA:611,1
DA:614,1
DA:615,3
DA:617,3
DA:622,1
DA:623,3
DA:624,2
DA:625,1
DA:632,1
DA:638,0
LF:197
LH:173
end_of_record
SF:/Users/alexiskyaw/Desktop/Code/tom2/xternal/tom_module_distributed/tom_dist_ledger/lib/src/simulator/scenarios.dart
DA:22,3
DA:58,3
DA:81,3
DA:113,3
DA:158,3
DA:189,3
DA:230,3
DA:266,3
DA:306,3
DA:351,3
DA:383,3
DA:428,3
DA:452,3
DA:488,3
DA:534,3
DA:565,2
DA:566,1
DA:567,1
DA:568,1
DA:569,1
DA:570,1
DA:571,1
DA:572,1
DA:573,1
DA:574,1
DA:575,1
DA:576,1
DA:577,1
DA:578,1
DA:579,1
DA:580,1
DA:584,3
DA:586,2
DA:587,1
DA:588,1
DA:589,1
DA:592,2
DA:593,1
DA:594,1
DA:595,1
DA:598,2
DA:599,1
DA:600,1
DA:603,2
DA:604,1
DA:605,1
DA:608,2
DA:609,1
DA:610,1
DA:611,1
DA:612,1
LF:51
LH:51
end_of_record
