SF:/Users/alexiskyaw/Desktop/Code/tom2/xternal/tom_module_distributed/tom_dist_ledger/lib/src/ledger_api/ledger_api.dart
DA:25,2
DA:30,1
DA:31,0
DA:32,0
DA:36,1
DA:37,3
DA:62,1
DA:69,1
DA:82,2
DA:92,2
DA:95,0
DA:98,0
DA:101,0
DA:104,6
DA:111,1
DA:112,4
DA:113,1
DA:114,2
DA:119,2
DA:120,2
DA:121,4
DA:124,1
DA:129,0
DA:130,0
DA:134,2
DA:135,0
DA:137,2
DA:139,0
DA:140,2
DA:143,3
DA:144,0
DA:145,0
DA:146,3
DA:149,3
DA:154,2
DA:156,1
DA:157,6
DA:158,2
DA:159,6
DA:160,5
DA:161,6
DA:162,2
DA:164,2
DA:165,2
DA:167,4
DA:168,1
DA:169,4
DA:170,1
DA:171,4
DA:175,2
DA:176,1
DA:177,1
DA:178,6
DA:179,2
DA:180,2
DA:181,2
DA:182,10
DA:183,2
DA:184,4
DA:186,5
DA:187,2
DA:188,2
DA:189,3
DA:190,2
DA:196,1
DA:197,3
DA:198,0
DA:199,0
DA:200,0
DA:201,1
DA:202,0
DA:203,0
DA:205,1
DA:206,3
DA:207,1
DA:208,1
DA:212,0
DA:216,0
DA:217,0
DA:218,0
DA:219,0
DA:220,0
DA:221,1
DA:222,0
DA:226,1
DA:227,1
DA:230,3
DA:234,0
DA:235,0
DA:236,0
DA:237,0
DA:238,0
DA:239,0
DA:240,2
DA:241,1
DA:242,1
DA:243,1
DA:244,3
DA:245,1
DA:247,1
DA:248,0
DA:249,0
DA:250,0
DA:253,1
DA:254,0
DA:255,0
DA:256,0
DA:257,1
DA:258,0
DA:260,3
DA:266,1
DA:267,2
DA:269,0
DA:272,1
DA:274,0
DA:275,2
DA:276,1
DA:277,1
DA:278,1
DA:279,5
DA:280,1
DA:281,2
DA:282,0
DA:283,1
DA:285,0
DA:287,1
DA:289,0
DA:290,2
DA:291,1
DA:292,2
DA:293,0
DA:295,2
DA:296,0
DA:297,0
DA:298,0
DA:299,0
DA:300,0
DA:302,0
DA:305,0
DA:306,2
DA:307,2
DA:308,0
DA:315,1
DA:319,0
DA:320,2
DA:321,0
DA:322,2
DA:324,0
DA:325,1
DA:328,2
DA:329,1
DA:330,1
DA:331,1
DA:332,5
DA:333,1
DA:334,2
DA:335,0
DA:336,1
DA:338,0
DA:340,1
DA:343,2
DA:344,1
DA:345,2
DA:347,0
DA:349,3
DA:351,0
DA:352,2
DA:353,4
DA:355,1
DA:356,1
DA:357,1
DA:359,1
DA:360,0
DA:361,0
DA:364,1
DA:365,2
DA:366,1
DA:368,1
DA:369,1
DA:372,0
DA:374,2
DA:375,2
DA:378,0
DA:379,0
DA:382,0
DA:385,1
DA:386,0
DA:389,0
DA:390,1
DA:391,1
DA:392,0
DA:394,3
DA:395,0
DA:396,0
DA:399,0
DA:402,0
DA:404,2
DA:405,1
DA:406,1
DA:407,3
DA:408,5
DA:409,3
DA:411,1
DA:417,1
DA:420,1
DA:421,2
DA:422,0
DA:424,4
DA:425,2
DA:426,1
DA:427,1
DA:434,0
DA:438,0
DA:441,0
DA:442,0
DA:443,0
DA:445,0
DA:449,0
DA:452,0
DA:453,0
DA:454,0
DA:455,0
DA:463,2
DA:468,6
DA:469,4
DA:470,0
DA:471,0
DA:475,0
DA:478,0
DA:484,2
DA:485,4
DA:487,2
DA:488,4
DA:490,3
DA:491,4
DA:493,2
DA:494,4
DA:496,0
DA:497,1
DA:498,1
DA:501,1
DA:503,2
DA:504,4
DA:505,4
DA:508,1
DA:509,2
DA:510,0
DA:511,0
DA:512,0
DA:513,3
DA:517,2
DA:518,2
DA:519,8
DA:523,1
DA:526,0
DA:531,2
DA:532,4
DA:533,2
DA:534,2
DA:536,1
DA:542,2
DA:543,4
DA:544,3
DA:546,2
DA:547,6
DA:548,3
DA:549,3
DA:550,1
DA:551,3
DA:552,3
DA:553,3
DA:554,1
DA:557,1
DA:560,1
DA:564,1
DA:565,2
DA:566,3
DA:570,1
DA:572,2
DA:573,1
DA:574,0
DA:576,2
DA:577,1
DA:578,3
DA:579,3
DA:580,5
DA:581,3
DA:582,2
DA:585,6
DA:587,2
DA:590,0
DA:593,6
DA:594,2
DA:595,8
DA:598,2
DA:602,1
DA:605,1
DA:606,2
DA:607,2
DA:610,4
DA:613,1
DA:614,2
DA:617,2
DA:618,1
DA:619,1
DA:620,1
DA:621,6
DA:622,3
DA:623,2
DA:628,3
DA:631,2
DA:632,2
DA:633,2
DA:638,1
DA:639,0
DA:640,0
DA:641,2
DA:642,0
DA:647,1
DA:648,2
DA:655,1
DA:656,1
DA:657,2
DA:658,1
DA:660,2
DA:661,0
DA:664,2
DA:665,3
DA:666,1
DA:667,1
DA:672,4
DA:673,4
DA:674,2
DA:676,0
DA:677,2
DA:679,0
DA:683,4
DA:684,4
DA:685,1
DA:686,1
DA:687,1
DA:689,3
DA:692,2
DA:693,0
DA:694,4
DA:697,2
DA:698,0
DA:700,1
DA:701,6
DA:705,2
DA:710,1
DA:714,2
DA:717,1
DA:718,4
DA:719,2
DA:720,1
DA:721,1
DA:722,4
DA:723,1
DA:724,2
DA:725,2
DA:728,3
DA:729,1
DA:731,2
DA:732,1
DA:733,1
DA:738,3
DA:739,1
DA:740,2
DA:741,2
DA:742,1
DA:743,2
DA:744,1
DA:745,6
DA:746,1
DA:747,2
DA:749,2
DA:753,1
DA:754,0
DA:755,0
DA:756,0
DA:757,0
DA:761,1
DA:762,2
DA:763,1
DA:764,1
DA:765,1
DA:766,3
DA:767,0
DA:768,1
DA:769,1
DA:771,2
DA:775,1
DA:779,1
DA:780,2
DA:781,1
DA:782,1
DA:783,1
DA:784,5
DA:785,2
DA:786,0
DA:787,0
DA:788,0
DA:789,1
DA:793,2
DA:794,2
DA:795,2
DA:797,1
DA:798,2
DA:799,1
DA:800,1
DA:801,1
DA:802,1
DA:803,2
DA:804,0
DA:807,1
DA:809,0
DA:811,1
DA:812,1
DA:813,2
DA:817,1
DA:818,1
DA:819,1
DA:820,2
DA:821,2
DA:824,0
DA:826,1
DA:827,2
DA:828,2
DA:832,2
DA:833,2
DA:834,6
DA:835,2
DA:837,4
DA:844,1
DA:850,1
DA:851,1
DA:852,1
DA:855,1
DA:859,1
DA:862,3
DA:863,2
DA:865,3
DA:866,1
DA:867,1
DA:868,1
DA:872,1
DA:875,1
DA:878,2
DA:889,1
DA:890,1
DA:891,2
DA:892,2
DA:894,2
DA:905,1
DA:907,2
DA:911,1
DA:912,3
DA:913,3
DA:914,0
DA:915,0
DA:916,0
DA:917,0
DA:918,0
DA:923,2
DA:925,2
DA:927,1
DA:929,1
DA:937,1
DA:939,2
DA:940,0
DA:941,0
DA:942,0
DA:943,0
DA:944,0
DA:945,0
DA:946,0
DA:947,0
DA:955,1
DA:956,3
DA:960,4
DA:961,1
DA:964,4
DA:967,1
DA:969,2
DA:973,4
DA:976,1
DA:977,1
DA:979,2
DA:980,1
DA:981,2
DA:982,2
DA:983,2
DA:988,4
DA:991,2
DA:994,2
DA:995,3
DA:996,2
DA:1002,3
DA:1005,1
DA:1007,1
DA:1008,1
DA:1011,2
DA:1012,2
DA:1016,5
DA:1019,5
DA:1022,3
DA:1027,1
DA:1028,2
DA:1029,1
DA:1037,0
DA:1038,0
DA:1049,1
DA:1050,1
DA:1051,1
DA:1053,1
DA:1056,1
DA:1058,2
DA:1059,1
DA:1060,1
DA:1072,0
DA:1073,0
DA:1077,0
DA:1078,0
DA:1082,0
DA:1083,0
DA:1087,0
DA:1088,0
DA:1089,0
DA:1093,0
DA:1094,0
DA:1095,0
DA:1096,0
DA:1097,0
DA:1098,0
DA:1099,0
DA:1103,0
DA:1106,0
DA:1146,1
DA:1152,3
DA:1153,4
DA:1154,2
DA:1155,2
DA:1157,2
DA:1158,2
DA:1163,3
DA:1166,3
DA:1172,1
DA:1173,2
DA:1175,1
DA:1176,2
DA:1178,3
DA:1180,1
DA:1181,2
DA:1183,1
DA:1184,3
DA:1186,1
DA:1187,3
DA:1189,1
DA:1190,3
DA:1193,1
DA:1194,3
DA:1197,3
DA:1199,1
DA:1200,2
DA:1209,1
DA:1210,1
DA:1212,1
DA:1213,7
DA:1214,6
DA:1215,6
DA:1217,4
DA:1218,1
DA:1225,1
DA:1226,2
DA:1227,1
DA:1231,1
DA:1232,1
DA:1233,3
DA:1234,1
DA:1235,0
DA:1239,1
DA:1240,1
DA:1241,4
DA:1245,3
DA:1249,1
DA:1254,1
DA:1255,2
DA:1256,1
DA:1257,1
DA:1265,1
DA:1267,2
DA:1268,1
DA:1270,1
DA:1271,2
DA:1272,1
DA:1273,1
DA:1276,1
DA:1277,2
DA:1288,1
DA:1289,2
DA:1292,1
DA:1293,1
DA:1294,1
DA:1295,1
DA:1297,3
DA:1301,2
DA:1302,3
DA:1303,3
DA:1304,1
DA:1308,4
DA:1309,2
DA:1310,1
DA:1322,1
DA:1328,1
DA:1329,1
DA:1341,1
DA:1348,1
DA:1357,1
DA:1364,1
DA:1366,0
DA:1370,1
DA:1371,1
DA:1378,2
DA:1380,3
DA:1383,3
DA:1384,3
DA:1387,1
DA:1395,1
DA:1396,1
DA:1399,2
DA:1403,1
DA:1408,0
DA:1414,0
DA:1425,1
DA:1432,1
DA:1442,1
DA:1445,2
DA:1451,1
DA:1452,2
DA:1460,1
DA:1461,2
DA:1462,1
DA:1464,1
DA:1468,1
DA:1469,2
DA:1471,1
DA:1476,1
DA:1481,1
DA:1483,0
DA:1487,2
DA:1488,1
DA:1489,0
DA:1493,1
DA:1496,1
DA:1498,2
DA:1501,1
DA:1505,3
DA:1509,1
DA:1517,0
DA:1518,0
DA:1522,0
DA:1523,0
DA:1524,0
DA:1528,0
DA:1529,0
DA:1531,0
DA:1537,0
DA:1544,0
DA:1547,0
DA:1549,0
DA:1551,0
DA:1556,1
DA:1560,1
DA:1565,2
DA:1566,1
DA:1567,1
DA:1569,2
DA:1570,1
DA:1573,3
DA:1577,1
DA:1580,1
DA:1583,1
DA:1585,1
DA:1592,1
DA:1594,2
DA:1595,1
DA:1596,1
DA:1599,2
DA:1600,2
DA:1601,2
DA:1603,1
DA:1604,2
DA:1606,1
DA:1607,2
DA:1609,1
DA:1610,2
DA:1613,3
DA:1621,1
DA:1622,2
DA:1623,2
DA:1624,1
DA:1628,1
DA:1629,2
DA:1630,2
DA:1631,1
DA:1632,2
DA:1643,0
DA:1648,0
DA:1650,0
DA:1651,0
DA:1652,0
DA:1657,1
DA:1658,1
DA:1659,1
DA:1663,0
DA:1664,0
DA:1666,0
DA:1667,0
DA:1668,0
DA:1671,0
DA:1673,0
DA:1675,0
DA:1681,0
DA:1682,0
DA:1683,0
DA:1685,0
DA:1688,0
DA:1696,1
DA:1697,1
DA:1698,3
DA:1699,1
DA:1701,2
LF:733
LH:551
end_of_record
SF:/Users/alexiskyaw/Desktop/Code/tom2/xternal/tom_module_distributed/tom_dist_ledger/lib/src/local_ledger/file_ledger.dart
DA:8,2
DA:15,4
DA:16,2
DA:17,2
DA:18,2
DA:19,4
DA:22,4
DA:23,2
DA:24,2
DA:25,2
DA:26,4
DA:29,0
DA:31,0
DA:40,0
DA:46,0
DA:47,0
DA:48,0
DA:49,0
DA:52,0
DA:53,0
DA:54,0
DA:55,1
DA:58,0
DA:59,0
DA:65,1
DA:67,1
DA:69,2
DA:70,1
DA:71,3
DA:72,1
DA:73,2
DA:74,2
DA:75,2
DA:76,1
DA:77,1
DA:78,1
DA:79,2
DA:80,2
DA:81,2
DA:82,5
DA:83,3
DA:84,3
DA:85,4
DA:86,5
DA:87,12
DA:88,6
DA:89,1
DA:90,2
DA:91,4
DA:92,3
DA:93,3
DA:94,3
DA:95,3
DA:96,5
DA:98,2
DA:99,6
DA:100,7
DA:101,0
DA:102,2
DA:103,2
DA:104,2
DA:105,1
DA:107,5
DA:108,0
DA:116,1
DA:122,2
DA:123,1
DA:124,1
DA:125,2
DA:128,2
DA:129,1
DA:130,1
DA:131,2
DA:134,1
DA:135,3
DA:137,0
DA:149,0
DA:157,0
DA:161,1
DA:171,1
DA:172,1
DA:173,1
DA:176,2
DA:177,1
DA:178,1
DA:179,2
DA:180,1
DA:181,2
DA:182,5
DA:183,5
DA:184,1
DA:185,1
DA:188,2
DA:189,1
DA:190,1
DA:191,1
DA:192,1
DA:193,2
DA:195,1
DA:196,3
DA:197,1
DA:198,0
DA:199,1
DA:200,3
DA:201,1
DA:202,0
DA:203,1
DA:204,2
DA:206,1
DA:207,0
DA:209,1
DA:210,0
DA:214,5
DA:251,3
DA:253,1
DA:267,2
DA:275,1
DA:276,1
DA:277,1
LF:119
LH:98
end_of_record
SF:/Users/alexiskyaw/Desktop/Code/tom2/xternal/tom_module_distributed/tom_dist_ledger/lib/src/simulator/async_dpl_simulator.dart
DA:25,0
DA:26,0
DA:27,0
DA:28,0
DA:29,0
DA:30,0
DA:31,0
DA:34,0
DA:35,0
DA:36,0
DA:37,0
DA:39,0
DA:40,0
DA:41,0
DA:42,0
DA:44,0
DA:45,0
DA:46,0
DA:47,0
DA:49,0
DA:50,0
DA:51,0
DA:52,0
DA:57,0
DA:60,0
DA:61,0
DA:65,0
DA:66,0
DA:68,0
DA:69,0
DA:70,0
DA:71,0
DA:75,0
DA:76,0
DA:78,0
DA:79,0
DA:83,0
DA:86,0
DA:89,0
DA:92,0
DA:95,0
DA:97,0
DA:100,0
DA:102,0
DA:103,0
DA:109,0
DA:110,0
DA:112,0
DA:113,0
DA:117,0
DA:120,0
DA:123,0
DA:125,0
DA:128,0
DA:130,0
DA:131,0
DA:140,0
DA:141,0
DA:143,0
DA:144,0
DA:145,0
DA:146,0
DA:149,0
DA:152,0
DA:153,0
DA:155,0
DA:156,0
DA:157,0
DA:158,0
DA:161,0
DA:164,0
DA:167,0
DA:168,0
DA:170,0
DA:171,0
DA:172,0
DA:173,0
DA:177,0
DA:180,0
DA:183,0
DA:184,0
DA:189,0
DA:190,0
DA:192,0
DA:193,0
DA:194,0
DA:197,0
DA:198,0
DA:199,0
DA:200,0
DA:204,0
DA:207,0
DA:208,0
DA:209,0
DA:215,0
DA:218,0
DA:221,0
DA:222,0
DA:223,0
DA:227,0
DA:228,0
DA:231,0
DA:232,0
DA:233,0
DA:234,0
DA:237,0
DA:238,0
DA:239,0
DA:240,0
DA:243,0
DA:244,0
DA:245,0
DA:246,0
DA:249,0
DA:250,0
DA:253,0
DA:254,0
DA:255,0
DA:256,0
DA:259,0
DA:260,0
DA:261,0
DA:262,0
DA:265,0
DA:266,0
DA:268,0
DA:269,0
DA:270,0
DA:271,0
DA:275,0
DA:276,0
DA:277,0
DA:278,0
DA:283,0
DA:284,0
LF:135
LH:0
end_of_record
SF:/Users/alexiskyaw/Desktop/Code/tom2/xternal/tom_module_distributed/tom_dist_ledger/lib/src/simulator/async_simulation.dart
DA:13,1
DA:14,2
DA:18,1
DA:19,2
DA:20,1
DA:21,1
DA:22,5
DA:25,0
DA:28,1
DA:33,1
DA:34,1
DA:35,1
DA:36,2
DA:37,1
DA:38,1
DA:42,0
DA:48,0
DA:52,0
DA:58,0
DA:62,0
DA:68,0
DA:71,0
DA:75,0
DA:79,0
DA:83,0
DA:87,0
DA:91,0
DA:94,0
DA:98,0
DA:99,0
DA:103,0
DA:107,0
DA:108,0
DA:109,0
DA:112,0
DA:118,0
DA:126,0
DA:127,0
DA:130,0
DA:135,1
DA:136,1
DA:137,2
DA:138,1
DA:139,1
DA:143,1
DA:144,1
DA:145,1
DA:152,2
DA:153,2
DA:154,1
DA:155,1
DA:160,1
DA:161,1
DA:162,1
DA:168,2
DA:169,2
DA:170,1
DA:171,1
DA:176,0
DA:177,0
DA:178,0
DA:179,0
DA:180,0
DA:184,0
DA:191,0
DA:192,0
DA:195,0
DA:200,0
DA:201,0
DA:202,0
DA:203,0
DA:207,0
DA:208,0
DA:226,0
DA:235,0
DA:236,0
DA:239,0
DA:242,0
DA:245,0
DA:246,0
DA:249,0
DA:252,0
DA:259,0
DA:264,0
DA:265,0
DA:267,0
DA:269,0
DA:270,0
DA:271,0
DA:275,0
DA:279,0
DA:280,0
DA:281,0
DA:282,0
DA:290,0
DA:294,0
DA:295,0
DA:297,0
DA:299,0
DA:300,0
DA:301,0
DA:304,0
DA:312,0
DA:316,0
DA:317,0
DA:321,0
DA:325,0
DA:326,0
DA:334,0
DA:335,0
DA:336,0
DA:338,0
DA:341,0
DA:342,0
DA:343,0
DA:344,0
DA:345,0
DA:347,0
DA:351,0
DA:352,0
DA:353,0
DA:354,0
DA:362,0
DA:363,0
DA:364,0
DA:372,0
DA:376,0
DA:377,0
DA:379,0
DA:384,0
DA:385,0
DA:387,0
DA:393,0
DA:394,0
DA:402,0
DA:406,0
DA:407,0
DA:411,0
DA:415,0
DA:416,0
DA:424,0
DA:425,0
DA:429,0
DA:430,0
DA:434,0
DA:435,0
DA:437,0
DA:445,1
DA:447,0
DA:448,0
LF:150
LH:34
end_of_record
SF:/Users/alexiskyaw/Desktop/Code/tom2/xternal/tom_module_distributed/tom_dist_ledger/lib/src/simulator/participants/async_sim_copilot_chat.dart
DA:23,0
DA:30,0
DA:31,0
DA:34,0
DA:35,0
DA:36,0
DA:37,0
DA:38,0
DA:39,0
DA:40,0
DA:51,0
DA:52,0
DA:53,0
DA:54,0
DA:59,0
DA:65,0
DA:66,0
DA:70,0
DA:71,0
DA:74,0
DA:77,0
DA:86,0
DA:92,0
DA:96,0
DA:99,0
DA:101,0
DA:103,0
DA:104,0
DA:106,0
DA:108,0
DA:113,0
DA:116,0
DA:124,0
DA:125,0
DA:126,0
DA:129,0
DA:130,0
DA:133,0
DA:134,0
DA:138,0
DA:139,0
DA:143,0
DA:144,0
DA:151,0
DA:154,0
DA:158,0
DA:159,0
DA:167,0
DA:169,0
DA:172,0
DA:176,0
DA:181,0
LF:52
LH:0
end_of_record
SF:/Users/alexiskyaw/Desktop/Code/tom2/xternal/tom_module_distributed/tom_dist_ledger/lib/src/simulator/participants/async_sim_dartscript_bridge.dart
DA:5,0
DA:7,0
DA:9,0
DA:11,0
DA:15,0
DA:19,0
DA:20,0
DA:21,0
DA:24,0
DA:25,0
DA:26,0
DA:27,0
DA:30,0
DA:31,0
DA:32,0
DA:35,0
DA:36,0
DA:37,0
LF:18
LH:0
end_of_record
SF:/Users/alexiskyaw/Desktop/Code/tom2/xternal/tom_module_distributed/tom_dist_ledger/lib/src/simulator/participants/async_sim_tom_cli.dart
DA:5,0
DA:7,0
DA:9,0
DA:11,0
DA:15,0
DA:19,0
DA:20,0
DA:23,0
DA:24,0
DA:28,0
DA:29,0
LF:11
LH:0
end_of_record
SF:/Users/alexiskyaw/Desktop/Code/tom2/xternal/tom_module_distributed/tom_dist_ledger/lib/src/simulator/participants/async_sim_vscode_extension.dart
DA:5,0
DA:7,0
DA:9,0
DA:11,0
DA:15,0
DA:16,0
DA:20,0
DA:21,0
DA:22,0
DA:25,0
DA:26,0
DA:27,0
LF:12
LH:0
end_of_record
SF:/Users/alexiskyaw/Desktop/Code/tom2/xternal/tom_module_distributed/tom_dist_ledger/lib/src/simulator/simulation_config.dart
DA:43,3
LF:1
LH:1
end_of_record
SF:/Users/alexiskyaw/Desktop/Code/tom2/xternal/tom_module_distributed/tom_dist_ledger/lib/src/simulator/scenario.dart
DA:62,3
DA:71,1
DA:73,5
DA:99,3
DA:131,3
DA:133,1
DA:148,1
DA:152,1
DA:191,1
DA:200,1
DA:202,1
DA:203,3
DA:204,4
DA:224,1
DA:230,1
DA:231,3
DA:232,2
DA:233,1
DA:234,1
DA:235,3
DA:236,2
DA:239,1
DA:244,2
DA:245,2
DA:246,2
DA:247,1
DA:248,1
DA:249,1
DA:250,1
DA:251,1
DA:254,3
DA:257,1
DA:258,1
DA:261,3
DA:264,1
DA:265,1
DA:267,3
DA:270,1
DA:271,1
DA:273,3
DA:276,1
DA:277,1
DA:282,1
DA:283,1
DA:284,2
DA:287,4
DA:288,2
DA:291,1
DA:295,2
DA:296,2
DA:300,3
DA:303,1
DA:305,1
DA:307,1
DA:310,1
DA:312,1
DA:313,1
DA:315,1
DA:316,2
DA:319,1
DA:320,1
DA:321,1
DA:322,1
DA:324,2
DA:325,1
DA:326,2
DA:329,1
DA:330,1
DA:331,1
DA:332,1
DA:334,3
DA:335,1
DA:336,2
DA:339,0
DA:340,0
DA:341,0
DA:342,0
DA:344,0
DA:345,0
DA:346,0
DA:347,0
DA:349,0
DA:350,0
DA:351,0
DA:352,0
DA:354,0
DA:355,0
DA:356,0
DA:360,0
DA:361,0
DA:362,0
DA:364,0
DA:365,0
DA:366,0
DA:370,2
DA:371,2
DA:375,1
DA:376,3
DA:378,2
DA:379,4
DA:380,2
DA:381,1
DA:382,2
DA:384,2
DA:385,4
DA:386,3
DA:387,2
DA:389,1
DA:392,1
DA:393,5
DA:394,2
DA:395,3
DA:402,1
DA:403,2
DA:404,1
DA:408,1
DA:414,2
DA:415,1
DA:424,1
DA:430,3
DA:433,1
DA:434,1
DA:435,0
DA:439,2
DA:440,1
DA:441,1
DA:442,1
DA:446,2
DA:447,1
DA:450,3
DA:453,1
DA:454,1
DA:455,1
DA:456,1
DA:460,2
DA:461,1
DA:463,1
DA:464,1
DA:470,3
DA:471,1
DA:480,1
DA:481,2
DA:484,2
DA:485,1
DA:489,1
DA:497,2
DA:499,2
DA:506,2
DA:507,3
DA:508,1
DA:509,1
DA:510,2
DA:511,1
DA:517,1
DA:518,1
DA:520,2
DA:527,1
DA:528,2
DA:531,3
DA:532,1
DA:533,1
DA:534,2
DA:536,1
DA:555,1
DA:563,2
DA:564,0
DA:566,1
DA:570,4
DA:571,3
DA:573,1
DA:574,2
DA:575,3
DA:579,1
DA:583,4
DA:584,3
DA:586,1
DA:587,2
DA:588,3
DA:592,1
DA:596,4
DA:597,2
DA:600,1
DA:604,4
DA:605,2
DA:608,1
DA:609,3
DA:610,2
DA:611,1
DA:614,1
DA:615,3
DA:617,3
DA:622,1
DA:623,3
DA:624,2
DA:625,1
DA:632,1
DA:638,0
LF:197
LH:173
end_of_record
SF:/Users/alexiskyaw/Desktop/Code/tom2/xternal/tom_module_distributed/tom_dist_ledger/lib/src/simulator/scenarios.dart
DA:22,3
DA:33,0
DA:58,3
DA:69,0
DA:81,3
DA:92,0
DA:113,3
DA:124,0
DA:158,3
DA:169,0
DA:189,3
DA:200,0
DA:230,3
DA:241,0
DA:266,3
DA:277,0
DA:306,3
DA:317,0
DA:351,3
DA:362,0
DA:383,3
DA:394,0
DA:428,3
DA:439,0
DA:452,3
DA:463,0
DA:488,3
DA:499,0
DA:534,3
DA:545,0
DA:565,2
DA:566,1
DA:567,1
DA:568,1
DA:569,1
DA:570,1
DA:571,1
DA:572,1
DA:573,1
DA:574,1
DA:575,1
DA:576,1
DA:577,1
DA:578,1
DA:579,1
DA:580,1
DA:581,0
DA:582,0
DA:583,0
DA:584,3
DA:585,0
DA:586,2
DA:587,1
DA:588,1
DA:589,1
DA:590,0
DA:591,0
DA:592,2
DA:593,1
DA:594,1
DA:595,1
DA:597,0
DA:598,2
DA:599,1
DA:600,1
DA:603,2
DA:604,1
DA:605,1
DA:606,0
DA:608,2
DA:609,1
DA:610,1
DA:611,1
DA:612,1
DA:614,0
DA:615,0
DA:616,0
DA:619,0
DA:620,0
DA:621,0
DA:622,0
DA:623,0
LF:82
LH:51
end_of_record
SF:/Users/alexiskyaw/Desktop/Code/tom2/xternal/tom_module_distributed/tom_dist_ledger/lib/src/ledger_api/call_callback.dart
DA:24,1
DA:48,0
DA:57,0
DA:59,0
DA:61,0
DA:84,1
DA:94,0
DA:96,0
DA:98,0
DA:117,1
DA:124,0
DA:126,0
DA:139,1
DA:140,1
DA:141,1
DA:142,1
DA:143,1
DA:176,1
DA:182,3
DA:185,2
DA:188,3
DA:192,1
DA:193,2
DA:194,2
DA:195,1
DA:200,3
DA:204,2
DA:207,3
DA:210,2
DA:213,0
DA:216,1
DA:217,2
DA:218,1
DA:219,1
DA:220,2
DA:224,1
DA:225,2
DA:226,1
DA:227,1
DA:228,1
DA:229,2
DA:232,0
DA:233,0
DA:257,1
DA:265,6
DA:268,3
DA:271,3
DA:273,0
DA:275,0
DA:287,0
DA:303,1
DA:310,1
DA:311,2
DA:314,1
DA:315,1
DA:316,1
DA:318,1
DA:322,1
DA:326,1
DA:329,0
DA:330,0
DA:335,2
DA:336,2
DA:339,1
DA:350,1
DA:355,1
DA:356,2
DA:359,1
DA:364,2
DA:365,2
DA:368,1
DA:384,1
DA:391,1
DA:392,0
DA:393,1
DA:395,3
DA:396,2
DA:397,1
DA:399,1
DA:400,1
DA:401,1
DA:403,0
DA:407,0
DA:408,1
DA:409,1
DA:410,0
DA:411,0
DA:413,0
DA:418,3
DA:419,0
DA:420,0
DA:421,0
DA:423,1
DA:428,4
LF:94
LH:68
end_of_record
